<?xml version="1.0" encoding="UTF-8"?>
<testng-results ignored="0" total="1" passed="1" failed="0" skipped="0">
  <reporter-output>
  </reporter-output>
  <suite started-at="2025-04-08T16:48:44 IST" name="Default suite" finished-at="2025-04-08T16:49:05 IST" duration-ms="21304">
    <groups>
    </groups>
    <test started-at="2025-04-08T16:48:44 IST" name="Default test" finished-at="2025-04-08T16:49:05 IST" duration-ms="21304">
      <class name="com.uattest.uattest.Login">
        <test-method is-config="true" signature="setup()[pri:0, instance:com.uattest.uattest.Login@22ff4249]" started-at="2025-04-08T16:48:44 IST" name="setup" finished-at="2025-04-08T16:48:47 IST" duration-ms="2429" status="PASS">
          <reporter-output>
          </reporter-output>
        </test-method> <!-- setup -->
        <test-method signature="testInvestorFlow()[pri:0, instance:com.uattest.uattest.Login@22ff4249]" started-at="2025-04-08T16:48:47 IST" name="testInvestorFlow" finished-at="2025-04-08T16:49:05 IST" duration-ms="18783" status="PASS">
          <reporter-output>
          </reporter-output>
        </test-method> <!-- testInvestorFlow -->
      </class> <!-- com.uattest.uattest.Login -->
    </test> <!-- Default test -->
  </suite> <!-- Default suite -->
</testng-results>
